Generating schemas...
configuration.yaml
configuration.yaml/homeassistant/packages
configuration.yaml/homeassistant/customize
configuration.yaml/scene
configuration.yaml/group
configuration.yaml/http
configuration.yaml/input_boolean
configuration.yaml/input_button
configuration.yaml/input_datetime
configuration.yaml/input_number
configuration.yaml/input_select
configuration.yaml/input_text
configuration.yaml/script
configuration.yaml/sensor
configuration.yaml/template
configuration.yaml/alarm_control_panel
configuration.yaml/automation
configuration.yaml/binary_sensor
configuration.yaml/camera
configuration.yaml/climate
configuration.yaml/cover
configuration.yaml/device_tracker
configuration.yaml/fan
configuration.yaml/light
configuration.yaml/lock
configuration.yaml/number
configuration.yaml/select
configuration.yaml/switch
configuration.yaml/vacuum
configuration.yaml/weather
ui-lovelace.yaml
ui-lovelace.yaml/views
ui-lovelace.yaml/views/cards
blueprints/automation
blueprints/script
blueprints/template
custom_sentences.yaml
