Executing prepublish script 'npm run vscode:prepublish'...

> home-assistant-vscode@1.1.7 vscode:prepublish
> npm run compile


> home-assistant-vscode@1.1.7 compile
> node scripts/build-theme.js && tsc -p src/language-service/tsconfig.json && ts-node src/language-service/src/schemas/generateSchemas.ts --quick && node scripts/bundle.js

✓ Theme assembled → src\themes\ha-neon-dark-color-theme.json  (61 token rules: 25 HA, 36 general)
Skipping schema generation because there already schema files
  ✓ out/extension.js
  ✓ out/server/server.js
  ✓ schema JSON → out/server/
 INFO  Files included in the VSIX:
ha-neon-dark-2.vsix
├─ [Content_Types].xml 
├─ extension.vsixmanifest 
└─ extension/
   ├─ LICENSE.md [1.09 KB]
   ├─ package.json [22.36 KB]
   ├─ readme.md [2.74 KB]
   ├─ vsce-build.log [0.57 KB]
   ├─ assets/
   │  ├─ banner-dark.png [32.59 KB]
   │  ├─ banner-light.png [32.83 KB]
   │  ├─ deprecation-warnings.png [29.94 KB]
   │  ├─ entity_service_completion.gif [235.69 KB]
   │  ├─ go_to_definition.gif [945.13 KB]
   │  ├─ logo.png [12.88 KB]
   │  ├─ logo.svg [0.93 KB]
   │  ├─ render-templates.png [224.23 KB]
   │  ├─ schema-documentation.png [20.09 KB]
   │  ├─ schema_validation_completion.gif [462.57 KB]
   │  ├─ select_language.png [3.94 KB]
   │  └─ snippet.gif [412.94 KB]
   ├─ out/
   │  ├─ extension.js [1.43 MB]
   │  └─ server/ (39 files) [7.65 MB]
   ├─ src/
   │  ├─ grammars/ (3 files) [2.61 KB]
   │  ├─ snippets/ (2 files) [5.07 KB]
   │  └─ themes/ (1 file) [31.71 KB]
   └─ syntaxes/
      ├─ jinja-language-configuration.json [0.88 KB]
      ├─ yaml-language-configuration.json [0.65 KB]
      ├─ external/ (2 files) [65.95 KB]
      └─ home-assistant/ (7 files) [46.21 KB]

=> Run vsce ls --tree to see all included files.

 DONE  Packaged: ha-neon-dark-2.vsix (75 files, 3.45 MB)
